<?xml version="1.0" encoding="UTF-8"?>
<!-- Generated by org.testng.reporters.JUnitReportReporter -->
<testsuite hostname="DESKTOP-KANN52V" failures="0" tests="1" name="nov22.PropertyFilefb" time="3.429" errors="0" timestamp="2022-11-24T15:52:14 IST" skipped="0">
  <testcase classname="nov22.PropertyFilefb" name="ValidateCreate" time="3.429"/>
  <system-out/>
</testsuite> <!-- nov22.PropertyFilefb -->
