<?xml version="1.0" encoding="UTF-8"?>
<!-- Generated by org.testng.reporters.JUnitReportReporter -->
<testsuite hostname="DESKTOP-KANN52V" failures="0" tests="3" name="nov25.VerifyAsserts" time="17.724" errors="0" timestamp="2022-11-26T12:36:05 IST" skipped="0">
  <testcase classname="nov25.VerifyAsserts" name="verifyTitle1" time="6.188"/>
  <system-out/>
  <testcase classname="nov25.VerifyAsserts" name="verifyTitle2" time="6.877"/>
  <system-out/>
  <testcase classname="nov25.VerifyAsserts" name="verifyTitle3" time="4.659"/>
  <system-out/>
</testsuite> <!-- nov25.VerifyAsserts -->
