<?xml version="1.0" encoding="UTF-8"?>
<!-- Generated by org.testng.reporters.JUnitReportReporter -->
<testsuite hostname="DESKTOP-KANN52V" failures="0" tests="1" name="nov22.PropertyFile" time="4.530" errors="0" timestamp="2022-11-22T23:12:56 IST" skipped="0">
  <testcase classname="nov22.PropertyFile" name="ValidateRegister" time="4.530"/>
  <system-out/>
</testsuite> <!-- nov22.PropertyFile -->
