<?xml version="1.0" encoding="UTF-8"?>
<!-- Generated by org.testng.reporters.JUnitReportReporter -->
<testsuite hostname="DESKTOP-KANN52V" failures="0" tests="3" name="config.TestScript" time="2.055" errors="0" timestamp="2022-11-24T16:12:31 IST" skipped="0">
  <testcase classname="config.TestScript" name="Roles" time="0.527"/>
  <system-out>
    <![CDATA[Executing Roles Test]]>
  </system-out>
  <testcase classname="config.TestScript" name="Users" time="0.707"/>
  <system-out>
    <![CDATA[Executing Users Test]]>
  </system-out>
  <testcase classname="config.TestScript" name="Branches" time="0.821"/>
  <system-out>
    <![CDATA[Executing Branches Test]]>
  </system-out>
</testsuite> <!-- config.TestScript -->
