<?xml version="1.0" encoding="UTF-8"?>
<!-- Generated by org.testng.reporters.JUnitReportReporter -->
<testsuite hostname="DESKTOP-KANN52V" failures="0" tests="5" name="config.Login" time="41.898" errors="0" timestamp="2022-11-22T19:55:03 IST" skipped="0">
  <testcase classname="config.Login" name="ValidateLogin" time="8.529"/>
  <system-out/>
  <testcase classname="config.Login" name="ValidateLogin" time="4.856"/>
  <system-out/>
  <testcase classname="config.Login" name="ValidateLogin" time="7.589"/>
  <system-out/>
  <testcase classname="config.Login" name="ValidateLogin" time="6.766"/>
  <system-out/>
  <testcase classname="config.Login" name="ValidateLogin" time="14.158"/>
  <system-out/>
</testsuite> <!-- config.Login -->
