<?xml version="1.0" encoding="UTF-8"?>
<!-- Generated by org.testng.reporters.JUnitReportReporter -->
<testsuite hostname="DESKTOP-KANN52V" failures="0" tests="2" name="nov25.VerifyAsserts1" time="11.538" errors="0" timestamp="2022-11-26T16:58:21 IST" skipped="0">
  <testcase classname="nov25.VerifyAsserts1" name="verifyTitle2" time="8.148"/>
  <system-out/>
  <testcase classname="nov25.VerifyAsserts1" name="VerifTitle1" time="3.390"/>
  <system-out/>
</testsuite> <!-- nov25.VerifyAsserts1 -->
